<?xml version="1.0" encoding="UTF-8" ?>
<testsuite errors="0" failures="1" hostname="TNG10" name="Post a Blog Entry" tests="1" time="0.011" timestamp="2014-05-09T20:25:40">
  <properties />
  <testcase classname="grails.plugin.cucumber.CucumberTest" name="New Blog Post" time="0.01">
    <failure message="Undefined Step: Given I am logged in as a blogger" type="grails.plugin.cucumber.FakeAssertionFailedError">cucumber.runtime.UndefinedStepException: Undefined Step: Given I am logged in as a blogger
	at grails.plugin.cucumber.CucumberFormatter.resultUndefined(CucumberFormatter.groovy:242)
	at grails.plugin.cucumber.CucumberFormatter.result(CucumberFormatter.groovy:207)
	at cucumber.runtime.Runtime.runStep(Runtime.java:250)
	at cucumber.runtime.model.StepContainer.runStep(StepContainer.java:44)
	at cucumber.runtime.model.StepContainer.runSteps(StepContainer.java:39)
	at cucumber.runtime.model.CucumberScenario.run(CucumberScenario.java:36)
	at cucumber.runtime.model.CucumberFeature.run(CucumberFeature.java:112)
	at grails.plugin.cucumber.Cucumber$_run_closure2.doCall(Cucumber.groovy:58)
	at grails.plugin.cucumber.Cucumber.run(Cucumber.groovy:57)
	at grails.plugin.cucumber.CucumberTestType.runFeatures(CucumberTestType.groovy:102)
	at grails.plugin.cucumber.CucumberTestType.doRun(CucumberTestType.groovy:57)
	at TestApp$_run_closure1.doCall(TestApp:102)
	at TestApp$_run_closure1.doCall(TestApp.groovy:32)
</failure>
    <failure message="Undefined Step: When I publish a new blog post" type="grails.plugin.cucumber.FakeAssertionFailedError">cucumber.runtime.UndefinedStepException: Undefined Step: When I publish a new blog post
	at grails.plugin.cucumber.CucumberFormatter.resultUndefined(CucumberFormatter.groovy:242)
	at grails.plugin.cucumber.CucumberFormatter.result(CucumberFormatter.groovy:207)
	at cucumber.runtime.Runtime.runStep(Runtime.java:250)
	at cucumber.runtime.model.StepContainer.runStep(StepContainer.java:44)
	at cucumber.runtime.model.StepContainer.runSteps(StepContainer.java:39)
	at cucumber.runtime.model.CucumberScenario.run(CucumberScenario.java:36)
	at cucumber.runtime.model.CucumberFeature.run(CucumberFeature.java:112)
	at grails.plugin.cucumber.Cucumber$_run_closure2.doCall(Cucumber.groovy:58)
	at grails.plugin.cucumber.Cucumber.run(Cucumber.groovy:57)
	at grails.plugin.cucumber.CucumberTestType.runFeatures(CucumberTestType.groovy:102)
	at grails.plugin.cucumber.CucumberTestType.doRun(CucumberTestType.groovy:57)
	at TestApp$_run_closure1.doCall(TestApp:102)
	at TestApp$_run_closure1.doCall(TestApp.groovy:32)
</failure>
    <failure message="Undefined Step: Then I am notified that the blog post was successfully added" type="grails.plugin.cucumber.FakeAssertionFailedError">cucumber.runtime.UndefinedStepException: Undefined Step: Then I am notified that the blog post was successfully added
	at grails.plugin.cucumber.CucumberFormatter.resultUndefined(CucumberFormatter.groovy:242)
	at grails.plugin.cucumber.CucumberFormatter.result(CucumberFormatter.groovy:207)
	at cucumber.runtime.Runtime.runStep(Runtime.java:250)
	at cucumber.runtime.model.StepContainer.runStep(StepContainer.java:44)
	at cucumber.runtime.model.StepContainer.runSteps(StepContainer.java:39)
	at cucumber.runtime.model.CucumberScenario.run(CucumberScenario.java:36)
	at cucumber.runtime.model.CucumberFeature.run(CucumberFeature.java:112)
	at grails.plugin.cucumber.Cucumber$_run_closure2.doCall(Cucumber.groovy:58)
	at grails.plugin.cucumber.Cucumber.run(Cucumber.groovy:57)
	at grails.plugin.cucumber.CucumberTestType.runFeatures(CucumberTestType.groovy:102)
	at grails.plugin.cucumber.CucumberTestType.doRun(CucumberTestType.groovy:57)
	at TestApp$_run_closure1.doCall(TestApp:102)
	at TestApp$_run_closure1.doCall(TestApp.groovy:32)
</failure>
    <failure message="Undefined Step: And the newly added blog post is at the top of the recent posts list" type="grails.plugin.cucumber.FakeAssertionFailedError">cucumber.runtime.UndefinedStepException: Undefined Step: And the newly added blog post is at the top of the recent posts list
	at grails.plugin.cucumber.CucumberFormatter.resultUndefined(CucumberFormatter.groovy:242)
	at grails.plugin.cucumber.CucumberFormatter.result(CucumberFormatter.groovy:207)
	at cucumber.runtime.Runtime.runStep(Runtime.java:250)
	at cucumber.runtime.model.StepContainer.runStep(StepContainer.java:44)
	at cucumber.runtime.model.StepContainer.runSteps(StepContainer.java:39)
	at cucumber.runtime.model.CucumberScenario.run(CucumberScenario.java:36)
	at cucumber.runtime.model.CucumberFeature.run(CucumberFeature.java:112)
	at grails.plugin.cucumber.Cucumber$_run_closure2.doCall(Cucumber.groovy:58)
	at grails.plugin.cucumber.Cucumber.run(Cucumber.groovy:57)
	at grails.plugin.cucumber.CucumberTestType.runFeatures(CucumberTestType.groovy:102)
	at grails.plugin.cucumber.CucumberTestType.doRun(CucumberTestType.groovy:57)
	at TestApp$_run_closure1.doCall(TestApp:102)
	at TestApp$_run_closure1.doCall(TestApp.groovy:32)
</failure>
  </testcase>
  <system-out><![CDATA[Feature: Post a Blog Entry
  In order to show the rest of the world how smart I am
  As a Blogger
  I want to be able to post a blog entry

--Output from New Blog Post--
  Scenario: New Blog Post                                                # creating_blog_entries.feature:6
    Given I am logged in as a blogger
    When I publish a new blog post
    Then I am notified that the blog post was successfully added
    And the newly added blog post is at the top of the recent posts list
]]></system-out>
  <system-err><![CDATA[
--Output from New Blog Post--]]></system-err>
</testsuite>
