<?xml version="1.0" encoding="UTF-8" ?>
<testsuite errors="0" failures="2" hostname="TNG10" name="Blog Comments" tests="2" time="0.103" timestamp="2014-05-09T20:25:40">
  <properties />
  <testcase classname="grails.plugin.cucumber.CucumberTest" name="View Blog Comments" time="0.052">
    <failure message="Undefined Step: Given I visit the blog for my favorite blogger" type="grails.plugin.cucumber.FakeAssertionFailedError">cucumber.runtime.UndefinedStepException: Undefined Step: Given I visit the blog for my favorite blogger
	at grails.plugin.cucumber.CucumberFormatter.resultUndefined(CucumberFormatter.groovy:242)
	at grails.plugin.cucumber.CucumberFormatter.result(CucumberFormatter.groovy:207)
	at cucumber.runtime.Runtime.runStep(Runtime.java:250)
	at cucumber.runtime.model.StepContainer.runStep(StepContainer.java:44)
	at cucumber.runtime.model.StepContainer.runSteps(StepContainer.java:39)
	at cucumber.runtime.model.CucumberScenario.run(CucumberScenario.java:36)
	at cucumber.runtime.model.CucumberFeature.run(CucumberFeature.java:112)
	at grails.plugin.cucumber.Cucumber$_run_closure2.doCall(Cucumber.groovy:58)
	at grails.plugin.cucumber.Cucumber.run(Cucumber.groovy:57)
	at grails.plugin.cucumber.CucumberTestType.runFeatures(CucumberTestType.groovy:102)
	at grails.plugin.cucumber.CucumberTestType.doRun(CucumberTestType.groovy:57)
	at TestApp$_run_closure1.doCall(TestApp:102)
	at TestApp$_run_closure1.doCall(TestApp.groovy:32)
</failure>
    <failure message="Undefined Step: When I choose a blog post" type="grails.plugin.cucumber.FakeAssertionFailedError">cucumber.runtime.UndefinedStepException: Undefined Step: When I choose a blog post
	at grails.plugin.cucumber.CucumberFormatter.resultUndefined(CucumberFormatter.groovy:242)
	at grails.plugin.cucumber.CucumberFormatter.result(CucumberFormatter.groovy:207)
	at cucumber.runtime.Runtime.runStep(Runtime.java:250)
	at cucumber.runtime.model.StepContainer.runStep(StepContainer.java:44)
	at cucumber.runtime.model.StepContainer.runSteps(StepContainer.java:39)
	at cucumber.runtime.model.CucumberScenario.run(CucumberScenario.java:36)
	at cucumber.runtime.model.CucumberFeature.run(CucumberFeature.java:112)
	at grails.plugin.cucumber.Cucumber$_run_closure2.doCall(Cucumber.groovy:58)
	at grails.plugin.cucumber.Cucumber.run(Cucumber.groovy:57)
	at grails.plugin.cucumber.CucumberTestType.runFeatures(CucumberTestType.groovy:102)
	at grails.plugin.cucumber.CucumberTestType.doRun(CucumberTestType.groovy:57)
	at TestApp$_run_closure1.doCall(TestApp:102)
	at TestApp$_run_closure1.doCall(TestApp.groovy:32)
</failure>
    <failure message="Undefined Step: Then I should see comments left by other readers" type="grails.plugin.cucumber.FakeAssertionFailedError">cucumber.runtime.UndefinedStepException: Undefined Step: Then I should see comments left by other readers
	at grails.plugin.cucumber.CucumberFormatter.resultUndefined(CucumberFormatter.groovy:242)
	at grails.plugin.cucumber.CucumberFormatter.result(CucumberFormatter.groovy:207)
	at cucumber.runtime.Runtime.runStep(Runtime.java:250)
	at cucumber.runtime.model.StepContainer.runStep(StepContainer.java:44)
	at cucumber.runtime.model.StepContainer.runSteps(StepContainer.java:39)
	at cucumber.runtime.model.CucumberScenario.run(CucumberScenario.java:36)
	at cucumber.runtime.model.CucumberFeature.run(CucumberFeature.java:112)
	at grails.plugin.cucumber.Cucumber$_run_closure2.doCall(Cucumber.groovy:58)
	at grails.plugin.cucumber.Cucumber.run(Cucumber.groovy:57)
	at grails.plugin.cucumber.CucumberTestType.runFeatures(CucumberTestType.groovy:102)
	at grails.plugin.cucumber.CucumberTestType.doRun(CucumberTestType.groovy:57)
	at TestApp$_run_closure1.doCall(TestApp:102)
	at TestApp$_run_closure1.doCall(TestApp.groovy:32)
</failure>
  </testcase>
  <testcase classname="grails.plugin.cucumber.CucumberTest" name="Leave a comment (AJAX)" time="0.01">
    <failure message="Undefined Step: Given I am reading a blog post from my favorite blogger" type="grails.plugin.cucumber.FakeAssertionFailedError">cucumber.runtime.UndefinedStepException: Undefined Step: Given I am reading a blog post from my favorite blogger
	at grails.plugin.cucumber.CucumberFormatter.resultUndefined(CucumberFormatter.groovy:242)
	at grails.plugin.cucumber.CucumberFormatter.result(CucumberFormatter.groovy:207)
	at cucumber.runtime.Runtime.runStep(Runtime.java:250)
	at cucumber.runtime.model.StepContainer.runStep(StepContainer.java:44)
	at cucumber.runtime.model.StepContainer.runSteps(StepContainer.java:39)
	at cucumber.runtime.model.CucumberScenario.run(CucumberScenario.java:36)
	at cucumber.runtime.model.CucumberFeature.run(CucumberFeature.java:112)
	at grails.plugin.cucumber.Cucumber$_run_closure2.doCall(Cucumber.groovy:58)
	at grails.plugin.cucumber.Cucumber.run(Cucumber.groovy:57)
	at grails.plugin.cucumber.CucumberTestType.runFeatures(CucumberTestType.groovy:102)
	at grails.plugin.cucumber.CucumberTestType.doRun(CucumberTestType.groovy:57)
	at TestApp$_run_closure1.doCall(TestApp:102)
	at TestApp$_run_closure1.doCall(TestApp.groovy:32)
</failure>
    <failure message="Undefined Step: When I add my genius comment to the blog post" type="grails.plugin.cucumber.FakeAssertionFailedError">cucumber.runtime.UndefinedStepException: Undefined Step: When I add my genius comment to the blog post
	at grails.plugin.cucumber.CucumberFormatter.resultUndefined(CucumberFormatter.groovy:242)
	at grails.plugin.cucumber.CucumberFormatter.result(CucumberFormatter.groovy:207)
	at cucumber.runtime.Runtime.runStep(Runtime.java:250)
	at cucumber.runtime.model.StepContainer.runStep(StepContainer.java:44)
	at cucumber.runtime.model.StepContainer.runSteps(StepContainer.java:39)
	at cucumber.runtime.model.CucumberScenario.run(CucumberScenario.java:36)
	at cucumber.runtime.model.CucumberFeature.run(CucumberFeature.java:112)
	at grails.plugin.cucumber.Cucumber$_run_closure2.doCall(Cucumber.groovy:58)
	at grails.plugin.cucumber.Cucumber.run(Cucumber.groovy:57)
	at grails.plugin.cucumber.CucumberTestType.runFeatures(CucumberTestType.groovy:102)
	at grails.plugin.cucumber.CucumberTestType.doRun(CucumberTestType.groovy:57)
	at TestApp$_run_closure1.doCall(TestApp:102)
	at TestApp$_run_closure1.doCall(TestApp.groovy:32)
</failure>
    <failure message="Undefined Step: Then my genius comment is at the top of the blog post comments" type="grails.plugin.cucumber.FakeAssertionFailedError">cucumber.runtime.UndefinedStepException: Undefined Step: Then my genius comment is at the top of the blog post comments
	at grails.plugin.cucumber.CucumberFormatter.resultUndefined(CucumberFormatter.groovy:242)
	at grails.plugin.cucumber.CucumberFormatter.result(CucumberFormatter.groovy:207)
	at cucumber.runtime.Runtime.runStep(Runtime.java:250)
	at cucumber.runtime.model.StepContainer.runStep(StepContainer.java:44)
	at cucumber.runtime.model.StepContainer.runSteps(StepContainer.java:39)
	at cucumber.runtime.model.CucumberScenario.run(CucumberScenario.java:36)
	at cucumber.runtime.model.CucumberFeature.run(CucumberFeature.java:112)
	at grails.plugin.cucumber.Cucumber$_run_closure2.doCall(Cucumber.groovy:58)
	at grails.plugin.cucumber.Cucumber.run(Cucumber.groovy:57)
	at grails.plugin.cucumber.CucumberTestType.runFeatures(CucumberTestType.groovy:102)
	at grails.plugin.cucumber.CucumberTestType.doRun(CucumberTestType.groovy:57)
	at TestApp$_run_closure1.doCall(TestApp:102)
	at TestApp$_run_closure1.doCall(TestApp.groovy:32)
</failure>
  </testcase>
  <system-out><![CDATA[Feature: Blog Comments
  In order to show the rest of the world I'm even smarter than the blogger
  As a Reader
  I want to be able to comment on a blog entry

--Output from View Blog Comments--
  Scenario: View Blog Comments                       # blog_comments.feature:6
    Given I visit the blog for my favorite blogger
    When I choose a blog post
    Then I should see comments left by other readers

--Output from Leave a comment (AJAX)--
  # Use AJAX for this
  # do not want the page to refresh
  Scenario: Leave a comment (AJAX)                                 # blog_comments.feature:13
    Given I am reading a blog post from my favorite blogger
    When I add my genius comment to the blog post
    Then my genius comment is at the top of the blog post comments
]]></system-out>
  <system-err><![CDATA[
--Output from View Blog Comments--
--Output from Leave a comment (AJAX)--]]></system-err>
</testsuite>
